<?xml version="1.0" encoding="UTF-8"?>
<!-- Generated by org.testng.reporters.JUnitReportReporter -->
<testsuite hostname="LAPTOP-8UVMHU0T" failures="0" tests="1" name="com.suraj.qkartTest.TestRunner" time="26.361" errors="0" timestamp="2024-06-09T22:03:28 IST" skipped="0">
  <testcase classname="com.suraj.qkartTest.TestRunner" name="FirstTest" time="26.361"/>
</testsuite> <!-- com.suraj.qkartTest.TestRunner -->
