<?xml version="1.0" encoding="UTF-8"?>
<!-- Generated by org.testng.reporters.JUnitReportReporter -->
<testsuite hostname="LAPTOP-8UVMHU0T" failures="0" tests="1" name="com.suraj.qkartTest.TestRunner" time="19.223" errors="0" timestamp="2024-06-10T20:35:33 IST" skipped="0">
  <testcase classname="com.suraj.qkartTest.TestRunner" name="FirstTest" time="19.223"/>
</testsuite> <!-- com.suraj.qkartTest.TestRunner -->
